Precompiling ACEpotentials...
   1407.3 ms  ? Lux → LuxZygoteExt
Info Given ACEpotentials was explicitly requested, output will be shown live [0K
[0KWARNING: Method definition rrule(typeof(Base.merge), NamedTuple{F1, T} where T<:Tuple, NamedTuple{F2, T} where T<:Tuple) where {F1, F2} in module ChainRules at /home/eng/essswb/.julia/packages/ChainRules/14CDN/src/rulesets/Base/base.jl:347 overwritten in module Lux at /home/eng/essswb/.julia/packages/Lux/GZSwV/src/chainrules.jl:17.
[0KERROR: Method overwriting is not permitted during Module precompilation. Use `__precompile__(false)` to opt-out of precompilation.
   8163.0 ms  ? ACEpotentials
WARNING: Method definition rrule(typeof(Base.merge), NamedTuple{F1, T} where T<:Tuple, NamedTuple{F2, T} where T<:Tuple) where {F1, F2} in module ChainRules at /home/eng/essswb/.julia/packages/ChainRules/14CDN/src/rulesets/Base/base.jl:347 overwritten in module Lux at /home/eng/essswb/.julia/packages/Lux/GZSwV/src/chainrules.jl:17.
ERROR: Method overwriting is not permitted during Module precompilation. Use `__precompile__(false)` to opt-out of precompilation.
Precompiling LuxZygoteExt...
Info Given LuxZygoteExt was explicitly requested, output will be shown live [0K
[0KWARNING: Method definition rrule(typeof(Base.merge), T1, T2) where {T1<:(NamedTuple{names, T} where T<:Tuple where names), T2<:(NamedTuple{names, T} where T<:Tuple where names)} in module Lux at /home/eng/essswb/.julia/packages/Lux/GZSwV/src/chainrules.jl:17 overwritten in module ChainRules at /home/eng/essswb/.julia/packages/ChainRules/14CDN/src/rulesets/Base/base.jl:347.
[0KERROR: Method overwriting is not permitted during Module precompilation. Use `__precompile__(false)` to opt-out of precompilation.
   1258.6 ms  ? Lux → LuxZygoteExt
WARNING: Method definition rrule(typeof(Base.merge), T1, T2) where {T1<:(NamedTuple{names, T} where T<:Tuple where names), T2<:(NamedTuple{names, T} where T<:Tuple where names)} in module Lux at /home/eng/essswb/.julia/packages/Lux/GZSwV/src/chainrules.jl:17 overwritten in module ChainRules at /home/eng/essswb/.julia/packages/ChainRules/14CDN/src/rulesets/Base/base.jl:347.
ERROR: Method overwriting is not permitted during Module precompilation. Use `__precompile__(false)` to opt-out of precompilation.
ERROR: LoadError: ArgumentError: Package ACEbase not found in current path.
- Run `import Pkg; Pkg.add("ACEbase")` to install the ACEbase package.
Stacktrace:
 [1] macro expansion
   @ ./loading.jl:2296 [inlined]
 [2] macro expansion
   @ ./lock.jl:273 [inlined]
 [3] __require(into::Module, mod::Symbol)
   @ Base ./loading.jl:2271
 [4] #invoke_in_world#3
   @ ./essentials.jl:1089 [inlined]
 [5] invoke_in_world
   @ ./essentials.jl:1086 [inlined]
 [6] require(into::Module, mod::Symbol)
   @ Base ./loading.jl:2260
in expression starting at /home/eng/essswb/ace-potentials-julia-1.2/ACEpotentials.jl/test/test_silicon.jl:6
